<?xml version="1.0"?>
<testsuite name="Firefox 132.0 (Linux x86_64)" package="" timestamp="2025-02-16T20:48:14" id="0" hostname="e8ca32b29ed8" tests="4" errors="0" failures="0" time="0.99">
  <properties>
    <property name="browser.fullName" value="Mozilla/5.0 (X11; Linux x86_64; rv:132.0) Gecko/20100101 Firefox/132.0"/>
  </properties>
  <testcase name="AppComponent should create the app" time="0.112" classname="AppComponent"/>
  <testcase name="AppComponent should have the 'incassi' title" time="0.05" classname="AppComponent"/>
  <testcase name="LoginComponent should create" time="0.816" classname="LoginComponent"/>
  <testcase name="AuthService should be created" time="0.012" classname="AuthService"/>
  <system-out>
    <![CDATA[
]]>
  </system-out>
  <system-err/>
</testsuite>
