<?xml version="1.0"?>
<testsuite name="Firefox 132.0 (Linux x86_64)" package="" timestamp="2025-02-23T00:14:12" id="0" hostname="59887f3fc58d" tests="5" errors="0" failures="0" time="0.091">
  <properties>
    <property name="browser.fullName" value="Mozilla/5.0 (X11; Linux x86_64; rv:132.0) Gecko/20100101 Firefox/132.0"/>
  </properties>
  <testcase name="AppComponent should create the app" time="0.022" classname="AppComponent"/>
  <testcase name="AppComponent should have the 'incassi' title" time="0.008" classname="AppComponent"/>
  <testcase name="authInterceptor should be created" time="0.001" classname="authInterceptor"/>
  <testcase name="LoginComponent should create" time="0.056" classname="LoginComponent"/>
  <testcase name="AuthService should be created" time="0.004" classname="AuthService"/>
  <system-out>
    <![CDATA[
]]>
  </system-out>
  <system-err/>
</testsuite>
